# JRE version: OpenJDK Runtime Environment Corretto-21.0.3.9.1 (21.0.3+9) (build 21.0.3+9-LTS)
# Java VM: OpenJDK 64-Bit Server VM Corretto-21.0.3.9.1 (21.0.3+9-LTS, mixed mode, sharing, tiered, compressed oops, compressed class ptrs, parallel gc, windows-amd64)
GC Precious Log:
 CardTable entry size: 512
 CPUs: 4 total, 4 available
 Memory: 8102M
 Large Page Support: Disabled
 NUMA Support: Disabled
 Compressed Oops: Enabled (Zero based)
 Alignments: Space 512K, Generation 512K, Heap 2M
 Heap Min Capacity: 8M
 Heap Initial Capacity: 128M
 Heap Max Capacity: 6G
 Pre-touch: Disabled
 Parallel Workers: 4
Heap:
 PSYoungGen      total 1553408K, used 856550K [0x0000000780000000, 0x00000007e8f80000, 0x0000000800000000)
  eden space 1413632K, 58% used [0x0000000780000000,0x00000007b2136570,0x00000007d6480000)
  from space 139776K, 25% used [0x00000007d6480000,0x00000007d87c3520,0x00000007ded00000)
  to   space 98304K, 0% used [0x00000007ded00000,0x00000007ded00000,0x00000007e4d00000)
 ParOldGen       total 429056K, used 363802K [0x0000000680000000, 0x000000069a300000, 0x0000000780000000)
  object space 429056K, 84% used [0x0000000680000000,0x0000000696346b88,0x000000069a300000)
 Metaspace       used 207940K, committed 211200K, reserved 1048576K
  class space    used 26470K, committed 28160K, reserved 851968K
GC Heap History (20 events):
Event: 561.929 GC heap before
{Heap before GC invocations=84 (full 11):
 PSYoungGen      total 1266176K, used 1183179K [0x0000000780000000, 0x00000007dbf00000, 0x0000000800000000)
  eden space 1168384K, 100% used [0x0000000780000000,0x00000007c7500000,0x00000007c7500000)
  from space 97792K, 15% used [0x00000007c7500000,0x00000007c8372d08,0x00000007cd480000)
  to   space 97792K, 0% used [0x00000007d5f80000,0x00000007d5f80000,0x00000007dbf00000)
 ParOldGen       total 429056K, used 240919K [0x0000000680000000, 0x000000069a300000, 0x0000000780000000)
  object space 429056K, 56% used [0x0000000680000000,0x000000068eb45f40,0x000000069a300000)
 Metaspace       used 207170K, committed 210368K, reserved 1048576K
  class space    used 26410K, committed 28096K, reserved 851968K
}
Event: 562.013 GC heap after
{Heap after GC invocations=84 (full 11):
 PSYoungGen      total 1378816K, used 51362K [0x0000000780000000, 0x00000007dae80000, 0x0000000800000000)
  eden space 1297920K, 0% used [0x0000000780000000,0x0000000780000000,0x00000007cf380000)
  from space 80896K, 63% used [0x00000007d5f80000,0x00000007d91a8a60,0x00000007dae80000)
  to   space 95744K, 0% used [0x00000007cf380000,0x00000007cf380000,0x00000007d5100000)
 ParOldGen       total 429056K, used 240919K [0x0000000680000000, 0x000000069a300000, 0x0000000780000000)
  object space 429056K, 56% used [0x0000000680000000,0x000000068eb45f40,0x000000069a300000)
 Metaspace       used 207170K, committed 210368K, reserved 1048576K
  class space    used 26410K, committed 28096K, reserved 851968K
}
Event: 565.090 GC heap before
{Heap before GC invocations=85 (full 11):
 PSYoungGen      total 1378816K, used 1349282K [0x0000000780000000, 0x00000007dae80000, 0x0000000800000000)
  eden space 1297920K, 100% used [0x0000000780000000,0x00000007cf380000,0x00000007cf380000)
  from space 80896K, 63% used [0x00000007d5f80000,0x00000007d91a8a60,0x00000007dae80000)
  to   space 95744K, 0% used [0x00000007cf380000,0x00000007cf380000,0x00000007d5100000)
 ParOldGen       total 429056K, used 240919K [0x0000000680000000, 0x000000069a300000, 0x0000000780000000)
  object space 429056K, 56% used [0x0000000680000000,0x000000068eb45f40,0x000000069a300000)
 Metaspace       used 207246K, committed 210432K, reserved 1048576K
  class space    used 26414K, committed 28096K, reserved 851968K
}
Event: 565.528 GC heap after
{Heap after GC invocations=85 (full 11):
 PSYoungGen      total 1393664K, used 64547K [0x0000000780000000, 0x00000007e4d00000, 0x0000000800000000)
  eden space 1297920K, 0% used [0x0000000780000000,0x0000000780000000,0x00000007cf380000)
  from space 95744K, 67% used [0x00000007cf380000,0x00000007d3288c88,0x00000007d5100000)
  to   space 98304K, 0% used [0x00000007ded00000,0x00000007ded00000,0x00000007e4d00000)
 ParOldGen       total 429056K, used 240927K [0x0000000680000000, 0x000000069a300000, 0x0000000780000000)
  object space 429056K, 56% used [0x0000000680000000,0x000000068eb47f40,0x000000069a300000)
 Metaspace       used 207246K, committed 210432K, reserved 1048576K
  class space    used 26414K, committed 28096K, reserved 851968K
}
Event: 570.205 GC heap before
{Heap before GC invocations=86 (full 11):
 PSYoungGen      total 1393664K, used 1362467K [0x0000000780000000, 0x00000007e4d00000, 0x0000000800000000)
  eden space 1297920K, 100% used [0x0000000780000000,0x00000007cf380000,0x00000007cf380000)
  from space 95744K, 67% used [0x00000007cf380000,0x00000007d3288c88,0x00000007d5100000)
  to   space 98304K, 0% used [0x00000007ded00000,0x00000007ded00000,0x00000007e4d00000)
 ParOldGen       total 429056K, used 240927K [0x0000000680000000, 0x000000069a300000, 0x0000000780000000)
  object space 429056K, 56% used [0x0000000680000000,0x000000068eb47f40,0x000000069a300000)
 Metaspace       used 207304K, committed 210496K, reserved 1048576K
  class space    used 26417K, committed 28096K, reserved 851968K
}
Event: 571.221 GC heap after
{Heap after GC invocations=86 (full 11):
 PSYoungGen      total 1396224K, used 98292K [0x0000000780000000, 0x00000007e4d00000, 0x0000000800000000)
  eden space 1297920K, 0% used [0x0000000780000000,0x0000000780000000,0x00000007cf380000)
  from space 98304K, 99% used [0x00000007ded00000,0x00000007e4cfd270,0x00000007e4d00000)
  to   space 95744K, 0% used [0x00000007cf380000,0x00000007cf380000,0x00000007d5100000)
 ParOldGen       total 429056K, used 274261K [0x0000000680000000, 0x000000069a300000, 0x0000000780000000)
  object space 429056K, 63% used [0x0000000680000000,0x0000000690bd54a0,0x000000069a300000)
 Metaspace       used 207304K, committed 210496K, reserved 1048576K
  class space    used 26417K, committed 28096K, reserved 851968K
}
Event: 575.589 GC heap before
{Heap before GC invocations=87 (full 11):
 PSYoungGen      total 1396224K, used 1396212K [0x0000000780000000, 0x00000007e4d00000, 0x0000000800000000)
  eden space 1297920K, 100% used [0x0000000780000000,0x00000007cf380000,0x00000007cf380000)
  from space 98304K, 99% used [0x00000007ded00000,0x00000007e4cfd270,0x00000007e4d00000)
  to   space 95744K, 0% used [0x00000007cf380000,0x00000007cf380000,0x00000007d5100000)
 ParOldGen       total 429056K, used 274261K [0x0000000680000000, 0x000000069a300000, 0x0000000780000000)
  object space 429056K, 63% used [0x0000000680000000,0x0000000690bd54a0,0x000000069a300000)
 Metaspace       used 207383K, committed 210560K, reserved 1048576K
  class space    used 26431K, committed 28096K, reserved 851968K
}
Event: 575.981 GC heap after
{Heap after GC invocations=87 (full 11):
 PSYoungGen      total 1393664K, used 95729K [0x0000000780000000, 0x00000007e4d00000, 0x0000000800000000)
  eden space 1297920K, 0% used [0x0000000780000000,0x0000000780000000,0x00000007cf380000)
  from space 95744K, 99% used [0x00000007cf380000,0x00000007d50fc538,0x00000007d5100000)
  to   space 98304K, 0% used [0x00000007ded00000,0x00000007ded00000,0x00000007e4d00000)
 ParOldGen       total 429056K, used 288130K [0x0000000680000000, 0x000000069a300000, 0x0000000780000000)
  object space 429056K, 67% used [0x0000000680000000,0x0000000691960928,0x000000069a300000)
 Metaspace       used 207383K, committed 210560K, reserved 1048576K
  class space    used 26431K, committed 28096K, reserved 851968K
}
Event: 577.975 GC heap before
{Heap before GC invocations=88 (full 11):
 PSYoungGen      total 1393664K, used 1393649K [0x0000000780000000, 0x00000007e4d00000, 0x0000000800000000)
  eden space 1297920K, 100% used [0x0000000780000000,0x00000007cf380000,0x00000007cf380000)
  from space 95744K, 99% used [0x00000007cf380000,0x00000007d50fc538,0x00000007d5100000)
  to   space 98304K, 0% used [0x00000007ded00000,0x00000007ded00000,0x00000007e4d00000)
 ParOldGen       total 429056K, used 288130K [0x0000000680000000, 0x000000069a300000, 0x0000000780000000)
  object space 429056K, 67% used [0x0000000680000000,0x0000000691960928,0x000000069a300000)
 Metaspace       used 207416K, committed 210560K, reserved 1048576K
  class space    used 26431K, committed 28096K, reserved 851968K
}
Event: 578.111 GC heap after
{Heap after GC invocations=88 (full 11):
 PSYoungGen      total 1396224K, used 94707K [0x0000000780000000, 0x00000007e4d00000, 0x0000000800000000)
  eden space 1297920K, 0% used [0x0000000780000000,0x0000000780000000,0x00000007cf380000)
  from space 98304K, 96% used [0x00000007ded00000,0x00000007e497ced0,0x00000007e4d00000)
  to   space 95744K, 0% used [0x00000007cf380000,0x00000007cf380000,0x00000007d5100000)
 ParOldGen       total 429056K, used 288130K [0x0000000680000000, 0x000000069a300000, 0x0000000780000000)
  object space 429056K, 67% used [0x0000000680000000,0x0000000691960928,0x000000069a300000)
 Metaspace       used 207416K, committed 210560K, reserved 1048576K
  class space    used 26431K, committed 28096K, reserved 851968K
}
Event: 580.358 GC heap before
{Heap before GC invocations=89 (full 11):
 PSYoungGen      total 1396224K, used 1392627K [0x0000000780000000, 0x00000007e4d00000, 0x0000000800000000)
  eden space 1297920K, 100% used [0x0000000780000000,0x00000007cf380000,0x00000007cf380000)
  from space 98304K, 96% used [0x00000007ded00000,0x00000007e497ced0,0x00000007e4d00000)
  to   space 95744K, 0% used [0x00000007cf380000,0x00000007cf380000,0x00000007d5100000)
 ParOldGen       total 429056K, used 288130K [0x0000000680000000, 0x000000069a300000, 0x0000000780000000)
  object space 429056K, 67% used [0x0000000680000000,0x0000000691960928,0x000000069a300000)
 Metaspace       used 207491K, committed 210624K, reserved 1048576K
  class space    used 26438K, committed 28096K, reserved 851968K
}
Event: 580.493 GC heap after
{Heap after GC invocations=89 (full 11):
 PSYoungGen      total 1393664K, used 81253K [0x0000000780000000, 0x00000007e4d00000, 0x0000000800000000)
  eden space 1297920K, 0% used [0x0000000780000000,0x0000000780000000,0x00000007cf380000)
  from space 95744K, 84% used [0x00000007cf380000,0x00000007d42d96e0,0x00000007d5100000)
  to   space 98304K, 0% used [0x00000007ded00000,0x00000007ded00000,0x00000007e4d00000)
 ParOldGen       total 429056K, used 289350K [0x0000000680000000, 0x000000069a300000, 0x0000000780000000)
  object space 429056K, 67% used [0x0000000680000000,0x0000000691a91958,0x000000069a300000)
 Metaspace       used 207491K, committed 210624K, reserved 1048576K
  class space    used 26438K, committed 28096K, reserved 851968K
}
Event: 583.337 GC heap before
{Heap before GC invocations=90 (full 11):
 PSYoungGen      total 1393664K, used 1379173K [0x0000000780000000, 0x00000007e4d00000, 0x0000000800000000)
  eden space 1297920K, 100% used [0x0000000780000000,0x00000007cf380000,0x00000007cf380000)
  from space 95744K, 84% used [0x00000007cf380000,0x00000007d42d96e0,0x00000007d5100000)
  to   space 98304K, 0% used [0x00000007ded00000,0x00000007ded00000,0x00000007e4d00000)
 ParOldGen       total 429056K, used 289350K [0x0000000680000000, 0x000000069a300000, 0x0000000780000000)
  object space 429056K, 67% used [0x0000000680000000,0x0000000691a91958,0x000000069a300000)
 Metaspace       used 207546K, committed 210688K, reserved 1048576K
  class space    used 26445K, committed 28096K, reserved 851968K
}
Event: 583.522 GC heap after
{Heap after GC invocations=90 (full 11):
 PSYoungGen      total 1396224K, used 82011K [0x0000000780000000, 0x00000007e4d00000, 0x0000000800000000)
  eden space 1297920K, 0% used [0x0000000780000000,0x0000000780000000,0x00000007cf380000)
  from space 98304K, 83% used [0x00000007ded00000,0x00000007e3d16de0,0x00000007e4d00000)
  to   space 95744K, 0% used [0x00000007cf380000,0x00000007cf380000,0x00000007d5100000)
 ParOldGen       total 429056K, used 298450K [0x0000000680000000, 0x000000069a300000, 0x0000000780000000)
  object space 429056K, 69% used [0x0000000680000000,0x0000000692374a08,0x000000069a300000)
 Metaspace       used 207546K, committed 210688K, reserved 1048576K
  class space    used 26445K, committed 28096K, reserved 851968K
}
Event: 586.074 GC heap before
{Heap before GC invocations=91 (full 11):
 PSYoungGen      total 1396224K, used 1379931K [0x0000000780000000, 0x00000007e4d00000, 0x0000000800000000)
  eden space 1297920K, 100% used [0x0000000780000000,0x00000007cf380000,0x00000007cf380000)
  from space 98304K, 83% used [0x00000007ded00000,0x00000007e3d16de0,0x00000007e4d00000)
  to   space 95744K, 0% used [0x00000007cf380000,0x00000007cf380000,0x00000007d5100000)
 ParOldGen       total 429056K, used 298450K [0x0000000680000000, 0x000000069a300000, 0x0000000780000000)
  object space 429056K, 69% used [0x0000000680000000,0x0000000692374a08,0x000000069a300000)
 Metaspace       used 207581K, committed 210752K, reserved 1048576K
  class space    used 26447K, committed 28096K, reserved 851968K
}
Event: 586.289 GC heap after
{Heap after GC invocations=91 (full 11):
 PSYoungGen      total 1393664K, used 18720K [0x0000000780000000, 0x00000007e4d00000, 0x0000000800000000)
  eden space 1297920K, 0% used [0x0000000780000000,0x0000000780000000,0x00000007cf380000)
  from space 95744K, 19% used [0x00000007cf380000,0x00000007d05c8080,0x00000007d5100000)
  to   space 98304K, 0% used [0x00000007ded00000,0x00000007ded00000,0x00000007e4d00000)
 ParOldGen       total 429056K, used 349440K [0x0000000680000000, 0x000000069a300000, 0x0000000780000000)
  object space 429056K, 81% used [0x0000000680000000,0x0000000695540120,0x000000069a300000)
 Metaspace       used 207581K, committed 210752K, reserved 1048576K
  class space    used 26447K, committed 28096K, reserved 851968K
}
Event: 590.348 GC heap before
{Heap before GC invocations=92 (full 11):
 PSYoungGen      total 1393664K, used 1316640K [0x0000000780000000, 0x00000007e4d00000, 0x0000000800000000)
  eden space 1297920K, 100% used [0x0000000780000000,0x00000007cf380000,0x00000007cf380000)
  from space 95744K, 19% used [0x00000007cf380000,0x00000007d05c8080,0x00000007d5100000)
  to   space 98304K, 0% used [0x00000007ded00000,0x00000007ded00000,0x00000007e4d00000)
 ParOldGen       total 429056K, used 349440K [0x0000000680000000, 0x000000069a300000, 0x0000000780000000)
  object space 429056K, 81% used [0x0000000680000000,0x0000000695540120,0x000000069a300000)
 Metaspace       used 207699K, committed 210944K, reserved 1048576K
  class space    used 26467K, committed 28160K, reserved 851968K
}
Event: 590.424 GC heap after
{Heap after GC invocations=92 (full 11):
 PSYoungGen      total 1511936K, used 26447K [0x0000000780000000, 0x00000007e8f80000, 0x0000000800000000)
  eden space 1413632K, 0% used [0x0000000780000000,0x0000000780000000,0x00000007d6480000)
  from space 98304K, 26% used [0x00000007ded00000,0x00000007e06d3f68,0x00000007e4d00000)
  to   space 139776K, 0% used [0x00000007d6480000,0x00000007d6480000,0x00000007ded00000)
 ParOldGen       total 429056K, used 355927K [0x0000000680000000, 0x000000069a300000, 0x0000000780000000)
  object space 429056K, 82% used [0x0000000680000000,0x0000000695b95d60,0x000000069a300000)
 Metaspace       used 207699K, committed 210944K, reserved 1048576K
  class space    used 26467K, committed 28160K, reserved 851968K
}
Event: 593.384 GC heap before
{Heap before GC invocations=93 (full 11):
 PSYoungGen      total 1511936K, used 1440079K [0x0000000780000000, 0x00000007e8f80000, 0x0000000800000000)
  eden space 1413632K, 100% used [0x0000000780000000,0x00000007d6480000,0x00000007d6480000)
  from space 98304K, 26% used [0x00000007ded00000,0x00000007e06d3f68,0x00000007e4d00000)
  to   space 139776K, 0% used [0x00000007d6480000,0x00000007d6480000,0x00000007ded00000)
 ParOldGen       total 429056K, used 355927K [0x0000000680000000, 0x000000069a300000, 0x0000000780000000)
  object space 429056K, 82% used [0x0000000680000000,0x0000000695b95d60,0x000000069a300000)
 Metaspace       used 207820K, committed 211072K, reserved 1048576K
  class space    used 26468K, committed 28160K, reserved 851968K
}
Event: 593.493 GC heap after
{Heap after GC invocations=93 (full 11):
 PSYoungGen      total 1553408K, used 36109K [0x0000000780000000, 0x00000007e8f80000, 0x0000000800000000)
  eden space 1413632K, 0% used [0x0000000780000000,0x0000000780000000,0x00000007d6480000)
  from space 139776K, 25% used [0x00000007d6480000,0x00000007d87c3520,0x00000007ded00000)
  to   space 98304K, 0% used [0x00000007ded00000,0x00000007ded00000,0x00000007e4d00000)
 ParOldGen       total 429056K, used 363802K [0x0000000680000000, 0x000000069a300000, 0x0000000780000000)
  object space 429056K, 84% used [0x0000000680000000,0x0000000696346b88,0x000000069a300000)
 Metaspace       used 207820K, committed 211072K, reserved 1048576K
  class space    used 26468K, committed 28160K, reserved 851968K
}

